<?xml version="1.0" encoding="UTF-8"?>
<!-- Generated by org.testng.reporters.JUnitReportReporter -->
<testsuite hostname="Gulis-MacBook-Pro.local" failures="0" tests="3" name="tests.SauceDemoTests" time="41.342" errors="0" timestamp="16 Jun 2023 00:40:50 GMT" skipped="0">
  <testcase classname="tests.SauceDemoTests" name="sauceDemoLoginPositive" time="13.692"/>
  <testcase classname="tests.SauceDemoTests" name="sauceDemoVerifyPriceLowHigh" time="14.721"/>
  <testcase classname="tests.SauceDemoTests" name="sauceDemoLoginNegative" time="12.929"/>
</testsuite> <!-- tests.SauceDemoTests -->
