<?xml version="1.0" encoding="UTF-8"?>
<!-- Generated by org.testng.reporters.JUnitReportReporter -->
<testsuite hostname="Gulis-MacBook-Pro.local" failures="0" tests="1" name="tests.FrameworkTest" time="60.694" errors="0" timestamp="16 Jun 2023 00:15:56 GMT" skipped="0">
  <testcase classname="tests.FrameworkTest" name="verifyGoogleHomePage" time="60.694"/>
</testsuite> <!-- tests.FrameworkTest -->
